<?xml version="1.0" encoding="UTF-8"?>
<!-- Generated by org.testng.reporters.JUnitReportReporter -->
<testsuite hostname="PUNITP395549D" name="pelascopy.testscripts.Generic.CustomerCreation" tests="1" failures="0" timestamp="22 Sep 2017 13:46:44 GMT" time="182.067" errors="0">
  <testcase name="LoginSuccess" time="182.067" classname="pelascopy.testscripts.Generic.CustomerCreation"/>
</testsuite> <!-- pelascopy.testscripts.Generic.CustomerCreation -->
