<?xml version="1.0" encoding="UTF-8"?>
<!-- Generated by org.testng.reporters.JUnitReportReporter -->
<testsuite hostname="PUNITP395549D" name="pelascopy.testscripts.Generic.CustomerCreation" tests="1" failures="0" timestamp="20 Sep 2017 12:24:10 GMT" time="174.766" errors="0">
  <testcase name="LoginSuccess" time="174.766" classname="pelascopy.testscripts.Generic.CustomerCreation"/>
</testsuite> <!-- pelascopy.testscripts.Generic.CustomerCreation -->
