<?xml version="1.0" encoding="UTF-8"?>
<!-- Generated by org.testng.reporters.JUnitReportReporter -->
<testsuite hostname="PUNITP395549D" name="pelascopy.testscripts.Generic.CustomerCreation" tests="1" failures="0" timestamp="28 Sep 2017 11:24:18 GMT" time="186.356" errors="0">
  <testcase name="LoginSuccess" time="186.356" classname="pelascopy.testscripts.Generic.CustomerCreation"/>
</testsuite> <!-- pelascopy.testscripts.Generic.CustomerCreation -->
